<?xml version="1.0" encoding="UTF-8"?>
<testng-results ignored="0" total="1" passed="1" failed="0" skipped="0">
  <reporter-output>
  </reporter-output>
  <suite started-at="2022-12-17T17:06:52 IST" name="Default suite" finished-at="2022-12-17T17:06:57 IST" duration-ms="4098">
    <groups>
    </groups>
    <test started-at="2022-12-17T17:06:52 IST" name="Default test" finished-at="2022-12-17T17:06:57 IST" duration-ms="4098">
      <class name="test.Book1">
        <test-method is-config="true" signature="verifylogin()[pri:0, instance:test.Book1@14cd1699]" started-at="2022-12-17T17:06:53 IST" name="verifylogin" finished-at="2022-12-17T17:06:57 IST" duration-ms="4041" status="PASS">
          <reporter-output>
          </reporter-output>
        </test-method> <!-- verifylogin -->
        <test-method signature="verifymultipledrops()[pri:0, instance:test.Book1@14cd1699]" started-at="2022-12-17T17:06:57 IST" name="verifymultipledrops" finished-at="2022-12-17T17:06:57 IST" duration-ms="26" status="PASS">
          <reporter-output>
          </reporter-output>
        </test-method> <!-- verifymultipledrops -->
        <test-method is-config="true" signature="teardown()[pri:0, instance:test.Book1@14cd1699]" started-at="2022-12-17T17:06:57 IST" name="teardown" finished-at="2022-12-17T17:06:57 IST" duration-ms="0" status="PASS">
          <reporter-output>
          </reporter-output>
        </test-method> <!-- teardown -->
      </class> <!-- test.Book1 -->
    </test> <!-- Default test -->
  </suite> <!-- Default suite -->
</testng-results>
